TN:
SF:src/app.ts
FNF:0
FNH:0
DA:1,1
DA:2,1
DA:3,1
DA:4,1
DA:5,1
DA:6,1
DA:7,1
DA:8,1
DA:9,1
DA:10,1
DA:11,1
DA:12,1
DA:13,1
LF:13
LH:13
BRF:0
BRH:0
end_of_record
TN:
SF:src/data-source.ts
FNF:0
FNH:0
DA:1,1
DA:2,1
DA:3,1
DA:4,1
DA:5,1
DA:6,1
DA:7,1
DA:8,1
DA:9,1
DA:10,1
DA:11,1
DA:12,1
DA:13,0
DA:14,0
DA:15,0
DA:16,0
DA:17,0
DA:18,0
DA:19,0
DA:20,0
DA:21,0
DA:22,0
DA:23,0
DA:24,0
DA:25,0
DA:26,0
DA:27,0
DA:28,0
DA:29,0
DA:30,1
LF:30
LH:13
BRDA:12,0,0,0
BRF:1
BRH:0
end_of_record
TN:
SF:src/controllers/adm/createAdm.controller.ts
FN:4,createAdmController
FNF:1
FNH:1
FNDA:4,createAdmController
DA:1,1
DA:2,1
DA:3,1
DA:4,1
DA:5,4
DA:6,4
DA:7,4
DA:8,4
DA:9,4
DA:10,1
DA:11,1
LF:11
LH:11
BRDA:4,0,0,4
BRDA:4,1,0,4
BRF:2
BRH:2
end_of_record
TN:
SF:src/controllers/agreement/createAgreement.controller.ts
FN:4,createAgreementController
FNF:1
FNH:0
FNDA:0,createAgreementController
DA:1,1
DA:2,1
DA:3,1
DA:4,1
DA:5,0
DA:6,0
DA:7,0
DA:8,0
DA:9,0
DA:10,0
DA:11,0
DA:12,0
DA:13,0
DA:14,0
DA:15,0
DA:16,0
DA:17,0
DA:18,0
DA:19,0
DA:20,0
DA:21,0
DA:22,0
DA:23,0
DA:24,0
DA:25,0
DA:26,0
DA:27,0
DA:28,0
DA:29,0
DA:30,0
DA:31,0
DA:32,0
DA:33,1
DA:34,1
LF:34
LH:6
BRF:0
BRH:0
end_of_record
TN:
SF:src/controllers/agreement/deleteAgreement.controller.ts
FN:4,deleteAgreementController
FNF:1
FNH:0
FNDA:0,deleteAgreementController
DA:1,1
DA:2,1
DA:3,1
DA:4,1
DA:5,0
DA:6,0
DA:7,0
DA:8,0
DA:9,1
DA:10,1
LF:10
LH:6
BRF:0
BRH:0
end_of_record
TN:
SF:src/controllers/agreement/listAgreement.controller.ts
FN:4,listAgreementController
FNF:1
FNH:0
FNDA:0,listAgreementController
DA:1,1
DA:2,1
DA:3,1
DA:4,1
DA:5,0
DA:6,0
DA:7,0
DA:8,1
DA:9,1
LF:9
LH:6
BRF:0
BRH:0
end_of_record
TN:
SF:src/controllers/agreement/listAgreementByBank.controller.ts
FN:4,listAgreementByBankController
FNF:1
FNH:0
FNDA:0,listAgreementByBankController
DA:1,1
DA:2,1
DA:3,1
DA:4,1
DA:5,0
DA:6,0
DA:7,0
DA:8,0
DA:9,1
DA:10,1
LF:10
LH:6
BRF:0
BRH:0
end_of_record
TN:
SF:src/controllers/agreement/listAgreementByClient.controller.ts
FN:4,listAgreementByClientController
FNF:1
FNH:0
FNDA:0,listAgreementByClientController
DA:1,1
DA:2,1
DA:3,1
DA:4,1
DA:5,0
DA:6,0
DA:7,0
DA:8,0
DA:9,1
DA:10,1
LF:10
LH:6
BRF:0
BRH:0
end_of_record
TN:
SF:src/controllers/agreement/listAgreementByUser.controller.ts
FN:4,listAgreementByUserController
FNF:1
FNH:0
FNDA:0,listAgreementByUserController
DA:1,1
DA:2,1
DA:3,1
DA:4,1
DA:5,0
DA:6,0
DA:7,0
DA:8,0
DA:9,1
DA:10,1
LF:10
LH:6
BRF:0
BRH:0
end_of_record
TN:
SF:src/controllers/agreement/listOneAgreement.controller.ts
FN:4,listOneAgreementController
FNF:1
FNH:0
FNDA:0,listOneAgreementController
DA:1,1
DA:2,1
DA:3,1
DA:4,1
DA:5,0
DA:6,0
DA:7,0
DA:8,0
DA:9,0
DA:10,1
DA:11,1
LF:11
LH:6
BRF:0
BRH:0
end_of_record
TN:
SF:src/controllers/agreement/updateAgreement.controller.ts
FN:4,updateAgreementController
FNF:1
FNH:0
FNDA:0,updateAgreementController
DA:1,1
DA:2,1
DA:3,1
DA:4,1
DA:5,0
DA:6,0
DA:7,0
DA:8,0
DA:9,0
DA:10,0
DA:11,0
DA:12,0
DA:13,1
DA:14,1
LF:14
LH:6
BRF:0
BRH:0
end_of_record
TN:
SF:src/controllers/bank/createBank.controller.ts
FN:4,createBankController
FNF:1
FNH:0
FNDA:0,createBankController
DA:1,1
DA:2,1
DA:3,1
DA:4,1
DA:5,0
DA:6,0
DA:7,0
DA:8,0
DA:9,1
DA:10,1
LF:10
LH:6
BRF:0
BRH:0
end_of_record
TN:
SF:src/controllers/bank/createBankInfo.controller.ts
FN:5,createBankInfoController
FNF:1
FNH:0
FNDA:0,createBankInfoController
DA:1,1
DA:2,1
DA:3,1
DA:4,1
DA:5,1
DA:6,0
DA:7,0
DA:8,0
DA:9,0
DA:10,0
DA:11,0
DA:12,0
DA:13,1
DA:14,1
LF:14
LH:7
BRF:0
BRH:0
end_of_record
TN:
SF:src/controllers/bank/deleteBank.controller.ts
FN:4,deleteBankController
FNF:1
FNH:0
FNDA:0,deleteBankController
DA:1,1
DA:2,1
DA:3,1
DA:4,1
DA:5,0
DA:6,0
DA:7,0
DA:8,0
DA:9,0
DA:10,0
DA:11,0
DA:12,1
DA:13,1
LF:13
LH:6
BRF:0
BRH:0
end_of_record
TN:
SF:src/controllers/bank/deleteBankInfo.controller.ts
FN:4,deleteBankInfoController
FNF:1
FNH:0
FNDA:0,deleteBankInfoController
DA:1,1
DA:2,1
DA:3,1
DA:4,1
DA:5,0
DA:6,0
DA:7,0
DA:8,0
DA:9,0
DA:10,0
DA:11,0
DA:12,0
DA:13,0
DA:14,1
DA:15,1
LF:15
LH:6
BRF:0
BRH:0
end_of_record
TN:
SF:src/controllers/bank/listBank.controller.ts
FN:4,listBankController
FNF:1
FNH:0
FNDA:0,listBankController
DA:1,1
DA:2,1
DA:3,1
DA:4,1
DA:5,0
DA:6,0
DA:7,0
DA:8,0
DA:9,1
DA:10,1
LF:10
LH:6
BRF:0
BRH:0
end_of_record
TN:
SF:src/controllers/bank/listBankInfo.controller.ts
FN:4,listBankInfoController
FNF:1
FNH:0
FNDA:0,listBankInfoController
DA:1,1
DA:2,1
DA:3,1
DA:4,1
DA:5,0
DA:6,0
DA:7,0
DA:8,0
DA:9,0
DA:10,0
DA:11,1
DA:12,1
LF:12
LH:6
BRF:0
BRH:0
end_of_record
TN:
SF:src/controllers/bank/listOneBank.controller.ts
FN:4,listOneBankController
FNF:1
FNH:0
FNDA:0,listOneBankController
DA:1,1
DA:2,1
DA:3,1
DA:4,1
DA:5,0
DA:6,0
DA:7,0
DA:8,0
DA:9,0
DA:10,0
DA:11,0
DA:12,1
DA:13,1
LF:13
LH:6
BRF:0
BRH:0
end_of_record
TN:
SF:src/controllers/bank/updateBank.controller.ts
FN:4,updateBankController
FNF:1
FNH:0
FNDA:0,updateBankController
DA:1,1
DA:2,1
DA:3,1
DA:4,1
DA:5,0
DA:6,0
DA:7,0
DA:8,0
DA:9,0
DA:10,0
DA:11,0
DA:12,0
DA:13,0
DA:14,1
DA:15,1
LF:15
LH:6
BRF:0
BRH:0
end_of_record
TN:
SF:src/controllers/bank/updateBankInfo.controller.ts
FN:4,updateBankInfoController
FNF:1
FNH:0
FNDA:0,updateBankInfoController
DA:1,1
DA:2,1
DA:3,1
DA:4,1
DA:5,0
DA:6,0
DA:7,0
DA:8,0
DA:9,0
DA:10,0
DA:11,0
DA:12,0
DA:13,0
DA:14,0
DA:15,1
DA:16,1
LF:16
LH:6
BRF:0
BRH:0
end_of_record
TN:
SF:src/controllers/client/createClient.controller.ts
FN:4,createClientController
FNF:1
FNH:0
FNDA:0,createClientController
DA:1,1
DA:2,1
DA:3,1
DA:4,1
DA:5,0
DA:6,0
DA:7,0
DA:8,0
DA:9,0
DA:10,0
DA:11,1
DA:12,1
LF:12
LH:6
BRF:0
BRH:0
end_of_record
TN:
SF:src/controllers/client/createClientInfo.controller.ts
FN:4,createClientInfoController
FNF:1
FNH:0
FNDA:0,createClientInfoController
DA:1,1
DA:2,1
DA:3,1
DA:4,1
DA:5,0
DA:6,0
DA:7,0
DA:8,0
DA:9,0
DA:10,0
DA:11,0
DA:12,1
DA:13,1
LF:13
LH:6
BRF:0
BRH:0
end_of_record
TN:
SF:src/controllers/client/deleteClient.controller.ts
FN:4,deleteClientController
FNF:1
FNH:0
FNDA:0,deleteClientController
DA:1,1
DA:2,1
DA:3,1
DA:4,1
DA:5,0
DA:6,0
DA:7,0
DA:8,0
DA:9,0
DA:10,0
DA:11,1
DA:12,1
LF:12
LH:6
BRF:0
BRH:0
end_of_record
TN:
SF:src/controllers/client/deleteClientInfo.controller.ts
FN:3,deleteClientInfoController
FNF:1
FNH:0
FNDA:0,deleteClientInfoController
DA:1,1
DA:2,1
DA:3,1
DA:4,0
DA:5,0
DA:6,0
DA:7,0
DA:8,0
DA:9,0
DA:10,0
DA:11,1
DA:12,1
LF:12
LH:5
BRF:0
BRH:0
end_of_record
TN:
SF:src/controllers/client/listClientInfo.controller.ts
FN:4,listClientInfoController
FNF:1
FNH:0
FNDA:0,listClientInfoController
DA:1,1
DA:2,1
DA:3,1
DA:4,1
DA:5,0
DA:6,0
DA:7,0
DA:8,0
DA:9,0
DA:10,0
DA:11,1
DA:12,1
LF:12
LH:6
BRF:0
BRH:0
end_of_record
TN:
SF:src/controllers/client/listClients.controller.ts
FN:4,listClientsController
FNF:1
FNH:0
FNDA:0,listClientsController
DA:1,1
DA:2,1
DA:3,1
DA:4,1
DA:5,0
DA:6,0
DA:7,0
DA:8,0
DA:9,1
DA:10,1
LF:10
LH:6
BRF:0
BRH:0
end_of_record
TN:
SF:src/controllers/client/listOneClient.controller.ts
FN:4,listOneClientController
FNF:1
FNH:0
FNDA:0,listOneClientController
DA:1,1
DA:2,1
DA:3,1
DA:4,1
DA:5,0
DA:6,0
DA:7,0
DA:8,0
DA:9,0
DA:10,0
DA:11,1
DA:12,1
LF:12
LH:6
BRF:0
BRH:0
end_of_record
TN:
SF:src/controllers/client/updateClient.controller.ts
FN:4,updateClientController
FNF:1
FNH:0
FNDA:0,updateClientController
DA:1,1
DA:2,1
DA:3,1
DA:4,1
DA:5,0
DA:6,0
DA:7,0
DA:8,0
DA:9,0
DA:10,0
DA:11,0
DA:12,0
DA:13,1
DA:14,1
LF:14
LH:6
BRF:0
BRH:0
end_of_record
TN:
SF:src/controllers/client/updateClientInfo.controller.ts
FN:3,updateClientInfoController
FNF:1
FNH:0
FNDA:0,updateClientInfoController
DA:1,1
DA:2,1
DA:3,1
DA:4,0
DA:5,0
DA:6,0
DA:7,0
DA:8,0
DA:9,0
DA:10,0
DA:11,0
DA:12,1
DA:13,1
LF:13
LH:5
BRF:0
BRH:0
end_of_record
TN:
SF:src/controllers/debts/createDebts.controller.ts
FN:4,createDebtsController
FNF:1
FNH:0
FNDA:0,createDebtsController
DA:1,1
DA:2,1
DA:3,1
DA:4,1
DA:5,0
DA:6,0
DA:7,0
DA:8,0
DA:9,0
DA:10,0
DA:11,0
DA:12,0
DA:13,0
DA:14,0
DA:15,0
DA:16,0
DA:17,0
DA:18,0
DA:19,0
DA:20,0
DA:21,0
DA:22,0
DA:23,0
DA:24,0
DA:25,0
DA:26,0
DA:27,1
DA:28,1
LF:28
LH:6
BRF:0
BRH:0
end_of_record
TN:
SF:src/controllers/debts/listDebts.controller.ts
FN:4,listDebtsController
FNF:1
FNH:0
FNDA:0,listDebtsController
DA:1,1
DA:2,1
DA:3,1
DA:4,1
DA:5,0
DA:6,0
DA:7,0
DA:8,1
LF:8
LH:5
BRF:0
BRH:0
end_of_record
TN:
SF:src/controllers/debts/listOneDebt.controller.ts
FN:4,listOneDebtController
FNF:1
FNH:0
FNDA:0,listOneDebtController
DA:1,1
DA:2,1
DA:3,1
DA:4,1
DA:5,0
DA:6,0
DA:7,0
DA:8,0
DA:9,0
DA:10,0
DA:11,1
LF:11
LH:5
BRF:0
BRH:0
end_of_record
TN:
SF:src/controllers/history/createHistory.controller.ts
FN:3,createHistoryController
FNF:1
FNH:0
FNDA:0,createHistoryController
DA:1,1
DA:2,1
DA:3,1
DA:4,0
DA:5,0
DA:6,0
DA:7,0
DA:8,0
DA:9,0
DA:10,0
DA:11,0
DA:12,0
DA:13,0
DA:14,0
DA:15,0
DA:16,1
DA:17,1
LF:17
LH:5
BRF:0
BRH:0
end_of_record
TN:
SF:src/controllers/history/deleteHistory.controller.ts
FN:4,deleteHistoryController
FNF:1
FNH:0
FNDA:0,deleteHistoryController
DA:1,1
DA:2,1
DA:3,1
DA:4,1
DA:5,0
DA:6,0
DA:7,0
DA:8,0
DA:9,0
DA:10,0
DA:11,0
DA:12,1
DA:13,1
LF:13
LH:6
BRF:0
BRH:0
end_of_record
TN:
SF:src/controllers/history/listHistory.controller.ts
FN:4,listHistoryController
FNF:1
FNH:0
FNDA:0,listHistoryController
DA:1,1
DA:2,1
DA:3,1
DA:4,1
DA:5,0
DA:6,0
DA:7,0
DA:8,0
DA:9,0
DA:10,1
LF:10
LH:5
BRF:0
BRH:0
end_of_record
TN:
SF:src/controllers/history/updateHistory.controller.ts
FN:4,updateHistoryController
FNF:1
FNH:0
FNDA:0,updateHistoryController
DA:1,1
DA:2,1
DA:3,1
DA:4,1
DA:5,0
DA:6,0
DA:7,0
DA:8,0
DA:9,0
DA:10,0
DA:11,0
DA:12,0
DA:13,1
DA:14,1
LF:14
LH:6
BRF:0
BRH:0
end_of_record
TN:
SF:src/controllers/payment/createPayment.controller.ts
FN:4,createPaymentController
FNF:1
FNH:0
FNDA:0,createPaymentController
DA:1,1
DA:2,1
DA:3,1
DA:4,1
DA:5,0
DA:6,0
DA:7,0
DA:8,0
DA:9,0
DA:10,0
DA:11,0
DA:12,0
DA:13,0
DA:14,0
DA:15,0
DA:16,0
DA:17,0
DA:18,0
DA:19,0
DA:20,0
DA:21,0
DA:22,0
DA:23,0
DA:24,0
DA:25,1
DA:26,1
LF:26
LH:6
BRF:0
BRH:0
end_of_record
TN:
SF:src/controllers/payment/deletePayment.controller.ts
FN:4,deletePaymentController
FNF:1
FNH:0
FNDA:0,deletePaymentController
DA:1,1
DA:2,1
DA:3,1
DA:4,1
DA:5,0
DA:6,0
DA:7,0
DA:8,0
DA:9,0
DA:10,0
DA:11,1
LF:11
LH:5
BRF:0
BRH:0
end_of_record
TN:
SF:src/controllers/payment/listOnePayment.controller.ts
FN:4,listOnePaymentController
FNF:1
FNH:0
FNDA:0,listOnePaymentController
DA:1,1
DA:2,1
DA:3,1
DA:4,1
DA:5,0
DA:6,0
DA:7,0
DA:8,0
DA:9,0
DA:10,0
DA:11,1
DA:12,1
LF:12
LH:6
BRF:0
BRH:0
end_of_record
TN:
SF:src/controllers/payment/listPayment.controller.ts
FN:4,listPaymentController
FNF:1
FNH:0
FNDA:0,listPaymentController
DA:1,1
DA:2,1
DA:3,1
DA:4,1
DA:5,0
DA:6,0
DA:7,0
DA:8,0
DA:9,1
DA:10,1
LF:10
LH:6
BRF:0
BRH:0
end_of_record
TN:
SF:src/controllers/payment/updatePayment.controller.ts
FN:4,updatePaymentController
FNF:1
FNH:0
FNDA:0,updatePaymentController
DA:1,1
DA:2,1
DA:3,1
DA:4,1
DA:5,0
DA:6,0
DA:7,0
DA:8,0
DA:9,0
DA:10,0
DA:11,0
DA:12,0
DA:13,0
DA:14,1
DA:15,1
LF:15
LH:6
BRF:0
BRH:0
end_of_record
TN:
SF:src/controllers/session/userLogin.controller.ts
FN:4,userLoginController
FNF:1
FNH:1
FNDA:5,userLoginController
DA:1,1
DA:2,1
DA:3,1
DA:4,1
DA:5,5
DA:6,5
DA:7,5
DA:8,5
DA:9,5
DA:10,5
DA:11,1
DA:12,1
LF:12
LH:12
BRDA:4,0,0,5
BRDA:4,1,0,5
BRF:2
BRH:2
end_of_record
TN:
SF:src/controllers/user/createUser.controller.ts
FN:5,createUserController
FNF:1
FNH:1
FNDA:8,createUserController
DA:1,1
DA:2,1
DA:3,1
DA:4,1
DA:5,1
DA:6,8
DA:7,8
DA:8,8
DA:9,6
DA:10,6
DA:11,1
DA:12,1
LF:12
LH:12
BRDA:5,0,0,8
BRDA:5,1,0,8
BRDA:9,2,0,6
BRF:3
BRH:3
end_of_record
TN:
SF:src/controllers/user/deleteUser.controller.ts
FN:4,deleteUserController
FNF:1
FNH:1
FNDA:2,deleteUserController
DA:1,1
DA:2,1
DA:3,1
DA:4,1
DA:5,2
DA:6,2
DA:7,2
DA:8,1
DA:9,1
DA:10,1
DA:11,1
DA:12,1
LF:12
LH:12
BRDA:4,0,0,2
BRDA:4,1,0,2
BRDA:8,2,0,1
BRF:3
BRH:3
end_of_record
TN:
SF:src/controllers/user/listOneUser.controller.ts
FN:6,listOneUserController
FNF:1
FNH:1
FNDA:2,listOneUserController
DA:1,1
DA:2,1
DA:3,1
DA:4,1
DA:5,1
DA:6,1
DA:7,2
DA:8,2
DA:9,2
DA:10,1
DA:11,1
DA:12,1
DA:13,1
DA:14,1
LF:14
LH:14
BRDA:6,0,0,2
BRDA:6,1,0,2
BRDA:10,2,0,1
BRF:3
BRH:3
end_of_record
TN:
SF:src/controllers/user/listUsers.controller.ts
FN:5,listUsersController
FNF:1
FNH:1
FNDA:1,listUsersController
DA:1,1
DA:2,1
DA:3,1
DA:4,1
DA:5,1
DA:6,1
DA:7,1
DA:8,1
DA:9,1
DA:10,1
LF:10
LH:10
BRDA:5,0,0,1
BRDA:5,1,0,1
BRF:2
BRH:2
end_of_record
TN:
SF:src/controllers/user/updateUser.controller.ts
FN:4,updateUserController
FNF:1
FNH:1
FNDA:2,updateUserController
DA:1,1
DA:2,1
DA:3,1
DA:4,1
DA:5,2
DA:6,2
DA:7,2
DA:8,2
DA:9,2
DA:10,1
DA:11,1
DA:12,1
DA:13,1
DA:14,1
LF:14
LH:14
BRDA:4,0,0,2
BRDA:4,1,0,2
BRDA:10,2,0,1
BRF:3
BRH:3
end_of_record
TN:
SF:src/controllers/userDebt/createUserDebt.controller.ts
FN:4,createUserDebtController
FNF:1
FNH:0
FNDA:0,createUserDebtController
DA:1,1
DA:2,1
DA:3,1
DA:4,1
DA:5,0
DA:6,0
DA:7,0
DA:8,0
DA:9,0
DA:10,0
DA:11,0
DA:12,1
DA:13,1
LF:13
LH:6
BRF:0
BRH:0
end_of_record
TN:
SF:src/controllers/userDebt/listUserDebts.controller.ts
FN:5,listUserDebtsController
FNF:1
FNH:0
FNDA:0,listUserDebtsController
DA:1,1
DA:2,1
DA:3,1
DA:4,1
DA:5,1
DA:6,0
DA:7,0
DA:8,0
DA:9,0
DA:10,1
DA:11,1
LF:11
LH:7
BRF:0
BRH:0
end_of_record
TN:
SF:src/entities/agreement.entity.ts
FNF:0
FNH:0
DA:1,1
DA:2,1
DA:3,1
DA:4,1
DA:5,1
DA:6,1
DA:7,1
DA:8,1
DA:9,1
DA:10,1
DA:11,1
DA:12,1
DA:13,1
DA:14,4
DA:15,4
DA:16,4
DA:17,4
DA:18,4
DA:19,1
DA:20,1
DA:21,1
DA:22,1
DA:23,1
DA:24,1
DA:25,1
DA:26,1
DA:27,1
DA:28,1
DA:29,1
DA:30,1
DA:31,1
DA:32,1
DA:33,1
DA:34,1
DA:35,1
DA:36,1
DA:37,1
DA:38,1
DA:39,1
DA:40,1
DA:41,1
DA:42,1
DA:43,1
DA:44,1
DA:45,1
DA:46,1
DA:47,1
DA:48,1
DA:49,1
DA:50,1
DA:51,1
DA:52,1
DA:53,1
DA:54,1
DA:55,1
DA:56,1
DA:57,1
DA:58,1
DA:59,1
LF:59
LH:59
BRDA:14,0,0,4
BRDA:47,1,0,4
BRDA:47,2,0,4
BRDA:51,3,0,4
BRDA:51,4,0,4
BRDA:54,5,0,4
BRDA:54,6,0,4
BRDA:57,7,0,4
BRDA:57,8,0,4
BRF:9
BRH:9
end_of_record
TN:
SF:src/entities/agreementStatus.entity.ts
FNF:0
FNH:0
DA:1,1
DA:2,1
DA:3,1
DA:4,1
DA:5,1
DA:6,1
DA:7,1
DA:8,1
DA:9,1
DA:10,1
DA:11,1
DA:12,1
DA:13,1
DA:14,1
DA:15,1
DA:16,1
DA:17,1
DA:18,1
LF:18
LH:18
BRDA:13,0,0,4
BRDA:13,1,0,4
BRDA:16,2,0,4
BRDA:16,3,0,4
BRF:4
BRH:4
end_of_record
TN:
SF:src/entities/bank.entity.ts
FN:25,Object.<anonymous>.__decorate.eager
FN:25,Object.<anonymous>.__decorate.eager
FNF:2
FNH:2
FNDA:4,Object.<anonymous>.__decorate.eager
FNDA:4,Object.<anonymous>.__decorate.eager
DA:1,1
DA:2,1
DA:3,1
DA:4,1
DA:5,1
DA:6,1
DA:7,1
DA:8,1
DA:9,1
DA:10,1
DA:11,1
DA:12,1
DA:13,1
DA:14,1
DA:15,1
DA:16,1
DA:17,1
DA:18,1
DA:19,1
DA:20,1
DA:21,1
DA:22,1
DA:23,1
DA:24,1
DA:25,1
DA:26,1
DA:27,1
DA:28,1
DA:29,1
DA:30,1
LF:30
LH:30
BRDA:22,0,0,4
BRDA:22,1,0,4
BRDA:25,2,0,4
BRDA:25,3,0,4
BRF:4
BRH:4
end_of_record
TN:
SF:src/entities/bankContact.entity.ts
FN:15,Object.<anonymous>.__decorate.onDelete
FN:15,Object.<anonymous>.__decorate.onDelete
FNF:2
FNH:2
FNDA:4,Object.<anonymous>.__decorate.onDelete
FNDA:4,Object.<anonymous>.__decorate.onDelete
DA:1,1
DA:2,1
DA:3,1
DA:4,1
DA:5,1
DA:6,1
DA:7,1
DA:8,1
DA:9,1
DA:10,1
DA:11,1
DA:12,1
DA:13,1
DA:14,1
DA:15,1
DA:16,1
DA:17,1
DA:18,1
DA:19,1
LF:19
LH:19
BRDA:15,0,0,4
BRDA:15,1,0,4
BRF:2
BRH:2
end_of_record
TN:
SF:src/entities/client.entity.ts
FN:19,Object.<anonymous>.__decorate.eager
FN:19,Object.<anonymous>.__decorate.eager
FNF:2
FNH:2
FNDA:4,Object.<anonymous>.__decorate.eager
FNDA:4,Object.<anonymous>.__decorate.eager
DA:1,1
DA:2,1
DA:3,1
DA:4,1
DA:5,1
DA:6,1
DA:7,1
DA:8,1
DA:9,1
DA:10,1
DA:11,1
DA:12,1
DA:13,1
DA:14,1
DA:15,1
DA:16,1
DA:17,1
DA:18,1
DA:19,1
DA:20,1
DA:21,1
DA:22,1
DA:23,1
DA:24,1
LF:24
LH:24
BRDA:16,0,0,4
BRDA:16,1,0,4
BRDA:19,2,0,4
BRDA:19,3,0,4
BRF:4
BRH:4
end_of_record
TN:
SF:src/entities/clientInfo.entity.ts
FN:15,Object.<anonymous>.__decorate.onDelete
FN:15,Object.<anonymous>.__decorate.onDelete
FNF:2
FNH:2
FNDA:4,Object.<anonymous>.__decorate.onDelete
FNDA:4,Object.<anonymous>.__decorate.onDelete
DA:1,1
DA:2,1
DA:3,1
DA:4,1
DA:5,1
DA:6,1
DA:7,1
DA:8,1
DA:9,1
DA:10,1
DA:11,1
DA:12,1
DA:13,1
DA:14,1
DA:15,1
DA:16,1
DA:17,1
DA:18,1
DA:19,1
LF:19
LH:19
BRDA:15,0,0,4
BRDA:15,1,0,4
BRF:2
BRH:2
end_of_record
TN:
SF:src/entities/contactHistory.entity.ts
FNF:0
FNH:0
DA:1,1
DA:2,1
DA:3,1
DA:4,1
DA:5,1
DA:6,1
DA:7,1
DA:8,1
DA:9,1
DA:10,1
DA:11,1
DA:12,1
DA:13,1
DA:14,1
DA:15,1
DA:16,1
DA:17,1
DA:18,1
DA:19,1
DA:20,1
DA:21,1
DA:22,1
DA:23,1
DA:24,1
LF:24
LH:24
BRDA:19,0,0,4
BRDA:19,1,0,4
BRDA:22,2,0,4
BRDA:22,3,0,4
BRF:4
BRH:4
end_of_record
TN:
SF:src/entities/debt.entity.ts
FNF:0
FNH:0
DA:1,1
DA:2,1
DA:3,1
DA:4,1
DA:5,1
DA:6,1
DA:7,1
DA:8,1
DA:9,1
DA:10,1
DA:11,1
DA:12,1
DA:13,1
DA:14,1
DA:15,1
DA:16,4
DA:17,4
DA:18,4
DA:19,4
DA:20,1
DA:21,1
DA:22,1
DA:23,1
DA:24,1
DA:25,1
DA:26,1
DA:27,1
DA:28,1
DA:29,1
DA:30,1
DA:31,1
DA:32,1
DA:33,1
DA:34,1
DA:35,1
DA:36,1
DA:37,1
DA:38,1
DA:39,1
DA:40,1
DA:41,1
DA:42,1
DA:43,1
DA:44,1
DA:45,1
DA:46,1
DA:47,1
DA:48,1
DA:49,1
DA:50,1
DA:51,1
DA:52,1
DA:53,1
DA:54,1
DA:55,1
DA:56,1
DA:57,1
DA:58,1
DA:59,1
DA:60,1
DA:61,1
LF:61
LH:61
BRDA:16,0,0,4
BRDA:47,1,0,4
BRDA:47,2,0,4
BRDA:50,3,0,4
BRDA:50,4,0,4
BRDA:53,5,0,4
BRDA:53,6,0,4
BRDA:56,7,0,4
BRDA:56,8,0,4
BRDA:59,9,0,4
BRDA:59,10,0,4
BRF:11
BRH:11
end_of_record
TN:
SF:src/entities/formOfPayment.entity.ts
FNF:0
FNH:0
DA:1,1
DA:2,1
DA:3,1
DA:4,1
DA:5,1
DA:6,1
DA:7,1
DA:8,1
DA:9,1
DA:10,1
DA:11,1
DA:12,1
DA:13,1
DA:14,1
DA:15,1
DA:16,1
DA:17,1
DA:18,1
DA:19,1
DA:20,1
DA:21,1
DA:22,1
DA:23,1
DA:24,1
DA:25,1
DA:26,1
DA:27,1
DA:28,1
DA:29,1
LF:29
LH:29
BRDA:27,0,0,4
BRDA:27,1,0,4
BRF:2
BRH:2
end_of_record
TN:
SF:src/entities/user.entity.ts
FN:33,Object.<anonymous>.__decorate.eager
FN:33,Object.<anonymous>.__decorate.eager
FNF:2
FNH:2
FNDA:4,Object.<anonymous>.__decorate.eager
FNDA:4,Object.<anonymous>.__decorate.eager
DA:1,1
DA:2,1
DA:3,1
DA:4,1
DA:5,1
DA:6,1
DA:7,1
DA:8,1
DA:9,1
DA:10,1
DA:11,1
DA:12,1
DA:13,1
DA:14,4
DA:15,4
DA:16,4
DA:17,4
DA:18,4
DA:19,4
DA:20,4
DA:21,1
DA:22,1
DA:23,1
DA:24,1
DA:25,1
DA:26,1
DA:27,1
DA:28,1
DA:29,1
DA:30,1
DA:31,1
DA:32,1
DA:33,1
DA:34,1
DA:35,1
DA:36,1
DA:37,1
DA:38,1
DA:39,1
DA:40,1
DA:41,1
DA:42,1
DA:43,1
DA:44,1
DA:45,1
DA:46,1
LF:46
LH:46
BRDA:14,0,0,4
BRDA:33,1,0,4
BRDA:33,2,0,4
BRDA:40,3,0,4
BRDA:40,4,0,4
BRDA:44,5,0,4
BRDA:44,6,0,4
BRF:7
BRH:7
end_of_record
TN:
SF:src/entities/userInfo.entity.ts
FN:13,UserInfo
FN:17,Object.<anonymous>.__decorate.onDelete
FN:17,Object.<anonymous>.__decorate.onDelete
FNF:3
FNH:3
FNDA:38,UserInfo
FNDA:4,Object.<anonymous>.__decorate.onDelete
FNDA:4,Object.<anonymous>.__decorate.onDelete
DA:1,1
DA:2,1
DA:3,1
DA:4,1
DA:5,1
DA:6,1
DA:7,1
DA:8,1
DA:9,1
DA:10,1
DA:11,1
DA:12,1
DA:13,38
DA:14,38
DA:15,38
DA:16,38
DA:17,38
DA:18,38
DA:19,38
DA:20,38
DA:21,38
DA:22,38
DA:23,38
DA:24,38
DA:25,38
DA:26,38
DA:27,38
DA:28,38
DA:29,38
DA:30,38
DA:31,38
DA:32,38
DA:33,38
DA:34,38
DA:35,38
DA:36,38
DA:37,38
DA:38,38
DA:39,38
DA:40,38
DA:41,38
DA:42,38
DA:43,38
LF:43
LH:43
BRDA:13,0,0,38
BRDA:17,1,0,4
BRDA:17,2,0,4
BRF:3
BRH:3
end_of_record
TN:
SF:src/errors/index.ts
FN:4,AppError
FNF:1
FNH:1
FNDA:6,AppError
DA:1,1
DA:2,1
DA:3,1
DA:4,1
DA:5,6
DA:6,6
DA:7,6
DA:8,6
DA:9,1
LF:9
LH:9
BRDA:4,0,0,6
BRF:1
BRH:1
end_of_record
TN:
SF:src/middlewares/handleError.ts
FN:4,handleError
FNF:1
FNH:1
FNDA:6,handleError
DA:1,1
DA:2,1
DA:3,1
DA:4,1
DA:5,6
DA:6,6
DA:7,6
DA:8,6
DA:9,6
DA:10,6
DA:11,6
DA:12,6
DA:13,6
DA:14,6
DA:15,0
DA:16,0
DA:17,1
DA:18,1
LF:18
LH:16
BRDA:4,0,0,6
BRDA:15,1,0,0
BRF:2
BRH:1
end_of_record
TN:
SF:src/middlewares/schemaValidation.ts
FN:5,schemaValidation
FNF:1
FNH:1
FNDA:28,schemaValidation
DA:1,1
DA:2,1
DA:3,1
DA:4,1
DA:5,1
DA:6,28
DA:7,13
DA:8,13
DA:9,13
DA:10,13
DA:11,13
DA:12,0
DA:13,0
DA:14,0
DA:15,0
DA:16,0
DA:17,0
DA:18,13
DA:19,1
LF:19
LH:13
BRDA:5,0,0,28
BRDA:6,1,0,13
BRDA:6,2,0,13
BRDA:11,3,0,0
BRF:4
BRH:3
end_of_record
TN:
SF:src/middlewares/verifyAuthAdmHR.middleware.ts
FN:4,verifyAuthAdmHR
FNF:1
FNH:1
FNDA:12,verifyAuthAdmHR
DA:1,1
DA:2,1
DA:3,1
DA:4,1
DA:5,12
DA:6,12
DA:7,12
DA:8,12
DA:9,12
DA:10,0
DA:11,0
DA:12,12
DA:13,1
LF:13
LH:11
BRDA:4,0,0,12
BRDA:7,1,0,0
BRDA:9,2,0,0
BRF:3
BRH:1
end_of_record
TN:
SF:src/middlewares/verifyAuthAdmHRManagerSupervisor.ts
FN:4,verifyAuthAdmHRManagerSupervisor
FNF:1
FNH:1
FNDA:3,verifyAuthAdmHRManagerSupervisor
DA:1,1
DA:2,1
DA:3,1
DA:4,1
DA:5,3
DA:6,3
DA:7,3
DA:8,3
DA:9,3
DA:10,3
DA:11,3
DA:12,3
DA:13,3
DA:14,0
DA:15,0
DA:16,3
DA:17,1
LF:17
LH:15
BRDA:4,0,0,3
BRDA:11,1,0,0
BRDA:11,2,0,0
BRDA:11,3,0,0
BRDA:13,4,0,0
BRF:5
BRH:1
end_of_record
TN:
SF:src/middlewares/verifyAuthAdmHRSupervisor.ts
FN:4,verifyAuthAdmHRSupervisor
FNF:1
FNH:0
FNDA:0,verifyAuthAdmHRSupervisor
DA:1,1
DA:2,1
DA:3,1
DA:4,1
DA:5,0
DA:6,0
DA:7,0
DA:8,0
DA:9,0
DA:10,0
DA:11,0
DA:12,0
DA:13,0
DA:14,0
DA:15,0
DA:16,0
DA:17,1
LF:17
LH:5
BRF:0
BRH:0
end_of_record
TN:
SF:src/middlewares/verifyAuthAdmManager.ts
FN:4,verifyAuthAdmManager
FNF:1
FNH:0
FNDA:0,verifyAuthAdmManager
DA:1,1
DA:2,1
DA:3,1
DA:4,1
DA:5,0
DA:6,0
DA:7,0
DA:8,0
DA:9,0
DA:10,0
DA:11,0
DA:12,0
DA:13,0
DA:14,0
DA:15,0
DA:16,0
DA:17,1
LF:17
LH:5
BRF:0
BRH:0
end_of_record
TN:
SF:src/middlewares/verifyAuthAdmManagerSupervisor.ts
FN:4,verifyAuthAdmManagerSupervisor
FNF:1
FNH:0
FNDA:0,verifyAuthAdmManagerSupervisor
DA:1,1
DA:2,1
DA:3,1
DA:4,1
DA:5,0
DA:6,0
DA:7,0
DA:8,0
DA:9,0
DA:10,0
DA:11,0
DA:12,0
DA:13,0
DA:14,0
DA:15,0
DA:16,0
DA:17,1
LF:17
LH:5
BRF:0
BRH:0
end_of_record
TN:
SF:src/middlewares/verifyAuthAdmSupervisor.ts
FN:4,verifyAuthAdmSupervisor
FNF:1
FNH:0
FNDA:0,verifyAuthAdmSupervisor
DA:1,1
DA:2,1
DA:3,1
DA:4,1
DA:5,0
DA:6,0
DA:7,0
DA:8,0
DA:9,0
DA:10,0
DA:11,0
DA:12,0
DA:13,0
DA:14,0
DA:15,0
DA:16,0
DA:17,1
LF:17
LH:5
BRF:0
BRH:0
end_of_record
TN:
SF:src/middlewares/verifyAuthAllNotHR.ts
FN:4,verifyAuthAllNotHR
FNF:1
FNH:0
FNDA:0,verifyAuthAllNotHR
DA:1,1
DA:2,1
DA:3,1
DA:4,1
DA:5,0
DA:6,0
DA:7,0
DA:8,0
DA:9,0
DA:10,0
DA:11,0
DA:12,0
DA:13,0
DA:14,0
DA:15,0
DA:16,0
DA:17,1
LF:17
LH:5
BRF:0
BRH:0
end_of_record
TN:
SF:src/middlewares/verifyAuthAllNotUser.ts
FN:4,verifyAuthAllNotUser
FNF:1
FNH:0
FNDA:0,verifyAuthAllNotUser
DA:1,1
DA:2,1
DA:3,1
DA:4,1
DA:5,0
DA:6,0
DA:7,0
DA:8,0
DA:9,0
DA:10,0
DA:11,0
DA:12,0
DA:13,0
DA:14,0
DA:15,0
DA:16,0
DA:17,1
LF:17
LH:5
BRF:0
BRH:0
end_of_record
TN:
SF:src/middlewares/verifyAuthManagerSupervisor.ts
FN:4,verifyAuthManagerSupervisor
FNF:1
FNH:0
FNDA:0,verifyAuthManagerSupervisor
DA:1,1
DA:2,1
DA:3,1
DA:4,1
DA:5,0
DA:6,0
DA:7,0
DA:8,0
DA:9,0
DA:10,0
DA:11,0
DA:12,0
DA:13,0
DA:14,0
DA:15,0
DA:16,0
DA:17,1
LF:17
LH:5
BRF:0
BRH:0
end_of_record
TN:
SF:src/middlewares/verifyAuthToken.middleware.ts
FN:6,verifyAuthToken
FNF:1
FNH:1
FNDA:16,verifyAuthToken
DA:1,1
DA:2,1
DA:3,1
DA:4,1
DA:5,1
DA:6,1
DA:7,16
DA:8,16
DA:9,16
DA:10,1
DA:11,1
DA:12,15
DA:13,15
DA:14,15
DA:15,15
DA:16,15
DA:17,15
DA:18,15
DA:19,15
DA:20,0
DA:21,0
DA:22,15
DA:23,15
DA:24,15
DA:25,15
DA:26,15
DA:27,15
DA:28,15
DA:29,15
DA:30,15
DA:31,1
LF:31
LH:29
BRDA:6,0,0,16
BRDA:9,1,0,1
BRDA:12,2,0,15
BRDA:18,3,0,15
BRDA:19,4,0,0
BRF:5
BRH:4
end_of_record
TN:
SF:src/routes/adm.routes.ts
FN:6,admRoutes
FNF:1
FNH:1
FNDA:4,admRoutes
DA:1,1
DA:2,1
DA:3,1
DA:4,1
DA:5,1
DA:6,1
DA:7,4
DA:8,4
DA:9,4
DA:10,4
LF:10
LH:10
BRDA:6,0,0,4
BRF:1
BRH:1
end_of_record
TN:
SF:src/routes/agreement.routes.ts
FN:17,agreementRoutes
FNF:1
FNH:1
FNDA:4,agreementRoutes
DA:1,1
DA:2,1
DA:3,1
DA:4,1
DA:5,1
DA:6,1
DA:7,1
DA:8,1
DA:9,1
DA:10,1
DA:11,1
DA:12,1
DA:13,1
DA:14,1
DA:15,1
DA:16,1
DA:17,1
DA:18,4
DA:19,4
DA:20,4
DA:21,4
DA:22,4
DA:23,4
DA:24,4
DA:25,4
DA:26,4
DA:27,4
DA:28,4
DA:29,4
DA:30,4
DA:31,4
DA:32,4
DA:33,4
DA:34,4
DA:35,4
DA:36,4
DA:37,4
DA:38,4
DA:39,4
DA:40,4
DA:41,4
DA:42,4
DA:43,4
DA:44,4
DA:45,4
DA:46,4
DA:47,4
DA:48,4
DA:49,4
DA:50,4
DA:51,4
DA:52,4
DA:53,4
DA:54,4
DA:55,4
DA:56,4
DA:57,4
DA:58,4
DA:59,4
DA:60,4
DA:61,4
DA:62,4
LF:62
LH:62
BRDA:17,0,0,4
BRF:1
BRH:1
end_of_record
TN:
SF:src/routes/bank.routes.ts
FN:20,bankRoutes
FNF:1
FNH:1
FNDA:4,bankRoutes
DA:1,1
DA:2,1
DA:3,1
DA:4,1
DA:5,1
DA:6,1
DA:7,1
DA:8,1
DA:9,1
DA:10,1
DA:11,1
DA:12,1
DA:13,1
DA:14,1
DA:15,1
DA:16,1
DA:17,1
DA:18,1
DA:19,1
DA:20,1
DA:21,4
DA:22,4
DA:23,4
DA:24,4
DA:25,4
DA:26,4
DA:27,4
DA:28,4
DA:29,4
DA:30,4
DA:31,4
DA:32,4
DA:33,4
DA:34,4
DA:35,4
DA:36,4
DA:37,4
DA:38,4
DA:39,4
DA:40,4
DA:41,4
DA:42,4
DA:43,4
DA:44,4
DA:45,4
DA:46,4
DA:47,4
DA:48,4
DA:49,4
DA:50,4
DA:51,4
DA:52,4
DA:53,4
DA:54,4
DA:55,4
DA:56,4
DA:57,4
DA:58,4
DA:59,4
DA:60,4
DA:61,4
DA:62,4
DA:63,4
DA:64,4
DA:65,4
DA:66,4
DA:67,4
DA:68,4
DA:69,4
DA:70,4
DA:71,4
DA:72,4
DA:73,4
DA:74,4
DA:75,4
DA:76,4
DA:77,4
LF:77
LH:77
BRDA:20,0,0,4
BRF:1
BRH:1
end_of_record
TN:
SF:src/routes/client.routes.ts
FN:19,clientRoutes
FNF:1
FNH:1
FNDA:4,clientRoutes
DA:1,1
DA:2,1
DA:3,1
DA:4,1
DA:5,1
DA:6,1
DA:7,1
DA:8,1
DA:9,1
DA:10,1
DA:11,1
DA:12,1
DA:13,1
DA:14,1
DA:15,1
DA:16,1
DA:17,1
DA:18,1
DA:19,1
DA:20,4
DA:21,4
DA:22,4
DA:23,4
DA:24,4
DA:25,4
DA:26,4
DA:27,4
DA:28,4
DA:29,4
DA:30,4
DA:31,4
DA:32,4
DA:33,4
DA:34,4
DA:35,4
DA:36,4
DA:37,4
DA:38,4
DA:39,4
DA:40,4
DA:41,4
DA:42,4
DA:43,4
DA:44,4
DA:45,4
DA:46,4
DA:47,4
DA:48,4
DA:49,4
DA:50,4
DA:51,4
DA:52,4
DA:53,4
DA:54,4
DA:55,4
DA:56,4
DA:57,4
DA:58,4
DA:59,4
DA:60,4
DA:61,4
DA:62,4
DA:63,4
DA:64,4
DA:65,4
DA:66,4
DA:67,4
DA:68,4
DA:69,4
DA:70,4
DA:71,4
DA:72,4
LF:72
LH:72
BRDA:19,0,0,4
BRF:1
BRH:1
end_of_record
TN:
SF:src/routes/debts.routes.ts
FN:13,debtsRoutes
FNF:1
FNH:1
FNDA:4,debtsRoutes
DA:1,1
DA:2,1
DA:3,1
DA:4,1
DA:5,1
DA:6,1
DA:7,1
DA:8,1
DA:9,1
DA:10,1
DA:11,1
DA:12,1
DA:13,1
DA:14,4
DA:15,4
DA:16,4
DA:17,4
DA:18,4
DA:19,4
DA:20,4
DA:21,4
DA:22,4
DA:23,4
DA:24,4
DA:25,4
DA:26,4
DA:27,4
DA:28,4
DA:29,4
DA:30,4
LF:30
LH:30
BRDA:13,0,0,4
BRF:1
BRH:1
end_of_record
TN:
SF:src/routes/formPayment.routes.ts
FN:12,formPaymentRoutes
FNF:1
FNH:1
FNDA:4,formPaymentRoutes
DA:1,1
DA:2,1
DA:3,1
DA:4,1
DA:5,1
DA:6,1
DA:7,1
DA:8,1
DA:9,1
DA:10,1
DA:11,1
DA:12,1
DA:13,4
DA:14,4
DA:15,4
DA:16,4
DA:17,4
DA:18,4
DA:19,4
DA:20,4
LF:20
LH:20
BRDA:12,0,0,4
BRF:1
BRH:1
end_of_record
TN:
SF:src/routes/history.routes.ts
FN:14,historyRoutes
FNF:1
FNH:1
FNDA:4,historyRoutes
DA:1,1
DA:2,1
DA:3,1
DA:4,1
DA:5,1
DA:6,1
DA:7,1
DA:8,1
DA:9,1
DA:10,1
DA:11,1
DA:12,1
DA:13,1
DA:14,1
DA:15,4
DA:16,4
DA:17,4
DA:18,4
DA:19,4
DA:20,4
DA:21,4
DA:22,4
DA:23,4
DA:24,4
DA:25,4
DA:26,4
DA:27,4
DA:28,4
DA:29,4
DA:30,4
DA:31,4
DA:32,4
DA:33,4
DA:34,4
DA:35,4
DA:36,4
DA:37,4
LF:37
LH:37
BRDA:14,0,0,4
BRF:1
BRH:1
end_of_record
TN:
SF:src/routes/index.ts
FN:12,appRoutes
FNF:1
FNH:1
FNDA:4,appRoutes
DA:1,1
DA:2,1
DA:3,1
DA:4,1
DA:5,1
DA:6,1
DA:7,1
DA:8,1
DA:9,1
DA:10,1
DA:11,1
DA:12,1
DA:13,4
DA:14,4
DA:15,4
DA:16,4
DA:17,4
DA:18,4
DA:19,4
DA:20,4
DA:21,4
DA:22,4
LF:22
LH:22
BRDA:12,0,0,4
BRF:1
BRH:1
end_of_record
TN:
SF:src/routes/session.routes.ts
FN:8,sessionRoutes
FNF:1
FNH:1
FNDA:4,sessionRoutes
DA:1,1
DA:2,1
DA:3,1
DA:4,1
DA:5,1
DA:6,1
DA:7,1
DA:8,1
DA:9,4
DA:10,4
DA:11,4
DA:12,4
LF:12
LH:12
BRDA:8,0,0,4
BRF:1
BRH:1
end_of_record
TN:
SF:src/routes/user.routes.ts
FN:19,userRoutes
FNF:1
FNH:1
FNDA:4,userRoutes
DA:1,1
DA:2,1
DA:3,1
DA:4,1
DA:5,1
DA:6,1
DA:7,1
DA:8,1
DA:9,1
DA:10,1
DA:11,1
DA:12,1
DA:13,1
DA:14,1
DA:15,1
DA:16,1
DA:17,1
DA:18,1
DA:19,1
DA:20,4
DA:21,4
DA:22,4
DA:23,4
DA:24,4
DA:25,4
DA:26,4
DA:27,4
DA:28,4
DA:29,4
DA:30,4
DA:31,4
DA:32,4
DA:33,4
DA:34,4
DA:35,4
DA:36,4
DA:37,4
DA:38,4
DA:39,4
DA:40,4
DA:41,4
DA:42,4
DA:43,4
DA:44,4
DA:45,4
DA:46,4
DA:47,4
DA:48,4
DA:49,4
DA:50,4
DA:51,4
DA:52,4
DA:53,4
DA:54,4
DA:55,4
DA:56,4
DA:57,4
LF:57
LH:57
BRDA:19,0,0,4
BRF:1
BRH:1
end_of_record
TN:
SF:src/schemas/bank/bank.schema.ts
FNF:0
FNH:0
DA:1,1
DA:2,1
DA:3,1
DA:4,1
DA:5,1
DA:6,1
DA:7,1
DA:8,1
DA:9,1
DA:10,1
DA:11,1
DA:12,1
DA:13,1
DA:14,1
DA:15,1
DA:16,1
LF:16
LH:16
BRF:0
BRH:0
end_of_record
TN:
SF:src/schemas/client/client.schema.ts
FNF:0
FNH:0
DA:1,1
DA:2,1
DA:3,1
DA:4,1
DA:5,1
DA:6,1
DA:7,1
DA:8,1
DA:9,1
DA:10,1
DA:11,1
DA:12,1
DA:13,1
DA:14,1
DA:15,1
DA:16,1
DA:17,1
DA:18,1
DA:19,1
LF:19
LH:19
BRF:0
BRH:0
end_of_record
TN:
SF:src/schemas/debts/debt.schema.ts
FNF:0
FNH:0
DA:1,1
DA:2,1
DA:3,1
DA:4,1
DA:5,1
DA:6,1
DA:7,1
DA:8,1
DA:9,1
DA:10,1
DA:11,1
DA:12,1
LF:12
LH:12
BRF:0
BRH:0
end_of_record
TN:
SF:src/schemas/history/history.schema.ts
FNF:0
FNH:0
DA:1,1
DA:2,1
DA:3,1
DA:4,1
DA:5,1
DA:6,1
DA:7,1
DA:8,1
DA:9,1
DA:10,1
DA:11,1
LF:11
LH:11
BRF:0
BRH:0
end_of_record
TN:
SF:src/schemas/login/login.schema.ts
FNF:0
FNH:0
DA:1,1
DA:2,1
DA:3,1
DA:4,1
DA:5,1
DA:6,1
DA:7,1
DA:8,1
LF:8
LH:8
BRF:0
BRH:0
end_of_record
TN:
SF:src/schemas/payment/payment.schema.ts
FNF:0
FNH:0
DA:1,1
DA:2,1
DA:3,1
DA:4,1
DA:5,1
DA:6,1
DA:7,1
DA:8,1
DA:9,1
DA:10,1
DA:11,1
DA:12,1
DA:13,1
DA:14,1
DA:15,1
DA:16,1
DA:17,1
DA:18,1
DA:19,1
DA:20,1
DA:21,1
DA:22,1
DA:23,1
DA:24,1
DA:25,1
DA:26,1
DA:27,1
DA:28,1
DA:29,1
LF:29
LH:29
BRF:0
BRH:0
end_of_record
TN:
SF:src/schemas/register/register.schema.ts
FNF:0
FNH:0
DA:1,1
DA:2,1
DA:3,1
DA:4,1
DA:5,1
DA:6,1
DA:7,1
DA:8,1
DA:9,1
DA:10,1
DA:11,1
DA:12,1
DA:13,1
DA:14,1
DA:15,1
DA:16,1
DA:17,1
DA:18,1
DA:19,1
DA:20,1
DA:21,1
DA:22,1
DA:23,1
DA:24,1
DA:25,1
DA:26,1
LF:26
LH:26
BRF:0
BRH:0
end_of_record
TN:
SF:src/services/adm/createAdm.service.ts
FN:8,createAdmService
FNF:1
FNH:1
FNDA:4,createAdmService
DA:1,1
DA:2,1
DA:3,1
DA:4,1
DA:5,1
DA:6,1
DA:7,1
DA:8,1
DA:9,4
DA:10,4
DA:11,4
DA:12,4
DA:13,4
DA:14,4
DA:15,4
DA:16,4
DA:17,4
DA:18,4
DA:19,4
DA:20,4
DA:21,0
DA:22,0
DA:23,4
DA:24,4
DA:25,4
DA:26,4
DA:27,4
DA:28,4
DA:29,4
DA:30,4
DA:31,4
DA:32,4
DA:33,4
DA:34,4
DA:35,4
DA:36,4
DA:37,4
DA:38,4
DA:39,4
DA:40,1
DA:41,1
LF:41
LH:39
BRDA:8,0,0,4
BRDA:8,1,0,4
BRDA:20,2,0,0
BRF:3
BRH:2
end_of_record
TN:
SF:src/services/agreement/createAgreement.service.ts
FN:11,createAgreementService
FNF:1
FNH:0
FNDA:0,createAgreementService
DA:1,1
DA:2,1
DA:3,1
DA:4,1
DA:5,1
DA:6,1
DA:7,1
DA:8,1
DA:9,1
DA:10,1
DA:11,1
DA:12,0
DA:13,0
DA:14,0
DA:15,0
DA:16,0
DA:17,0
DA:18,0
DA:19,0
DA:20,0
DA:21,0
DA:22,0
DA:23,0
DA:24,0
DA:25,0
DA:26,0
DA:27,0
DA:28,0
DA:29,0
DA:30,0
DA:31,0
DA:32,0
DA:33,0
DA:34,0
DA:35,0
DA:36,0
DA:37,0
DA:38,0
DA:39,0
DA:40,0
DA:41,0
DA:42,0
DA:43,0
DA:44,0
DA:45,0
DA:46,0
DA:47,0
DA:48,0
DA:49,0
DA:50,0
DA:51,0
DA:52,0
DA:53,0
DA:54,0
DA:55,0
DA:56,0
DA:57,0
DA:58,0
DA:59,0
DA:60,0
DA:61,0
DA:62,0
DA:63,0
DA:64,0
DA:65,0
DA:66,0
DA:67,0
DA:68,0
DA:69,0
DA:70,0
DA:71,0
DA:72,0
DA:73,0
DA:74,0
DA:75,0
DA:76,0
DA:77,0
DA:78,0
DA:79,0
DA:80,0
DA:81,0
DA:82,0
DA:83,0
DA:84,0
DA:85,0
DA:86,0
DA:87,0
DA:88,0
DA:89,0
DA:90,0
DA:91,0
DA:92,0
DA:93,0
DA:94,0
DA:95,0
DA:96,0
DA:97,0
DA:98,0
DA:99,0
DA:100,0
DA:101,0
DA:102,0
DA:103,0
DA:104,1
DA:105,1
LF:105
LH:13
BRF:0
BRH:0
end_of_record
TN:
SF:src/services/agreement/deleteAgreement.service.ts
FN:5,agreementDeleteService
FNF:1
FNH:0
FNDA:0,agreementDeleteService
DA:1,1
DA:2,1
DA:3,1
DA:4,1
DA:5,1
DA:6,0
DA:7,0
DA:8,0
DA:9,0
DA:10,0
DA:11,0
DA:12,0
DA:13,0
DA:14,0
DA:15,1
DA:16,1
LF:16
LH:7
BRF:0
BRH:0
end_of_record
TN:
SF:src/services/agreement/listAgreement.service.ts
FN:4,listAgreementService
FNF:1
FNH:0
FNDA:0,listAgreementService
DA:1,1
DA:2,1
DA:3,1
DA:4,1
DA:5,0
DA:6,0
DA:7,0
DA:8,0
DA:9,1
DA:10,1
LF:10
LH:6
BRF:0
BRH:0
end_of_record
TN:
SF:src/services/agreement/listAgreementByBank.service.ts
FN:7,listAgreementByBankService
FNF:1
FNH:0
FNDA:0,listAgreementByBankService
DA:1,1
DA:2,1
DA:3,1
DA:4,1
DA:5,1
DA:6,1
DA:7,1
DA:8,0
DA:9,0
DA:10,0
DA:11,0
DA:12,0
DA:13,0
DA:14,0
DA:15,0
DA:16,1
DA:17,1
LF:17
LH:9
BRF:0
BRH:0
end_of_record
TN:
SF:src/services/agreement/listAgreementByClient.service.ts
FN:5,listAgreementByClientService
FNF:1
FNH:0
FNDA:0,listAgreementByClientService
DA:1,1
DA:2,1
DA:3,1
DA:4,1
DA:5,1
DA:6,0
DA:7,0
DA:8,0
DA:9,0
DA:10,0
DA:11,0
DA:12,0
DA:13,0
DA:14,1
DA:15,1
LF:15
LH:7
BRF:0
BRH:0
end_of_record
TN:
SF:src/services/agreement/listAgreementByUser.service.ts
FN:5,listAgreementByUserService
FNF:1
FNH:0
FNDA:0,listAgreementByUserService
DA:1,1
DA:2,1
DA:3,1
DA:4,1
DA:5,1
DA:6,0
DA:7,0
DA:8,0
DA:9,0
DA:10,0
DA:11,0
DA:12,0
DA:13,0
DA:14,1
DA:15,1
LF:15
LH:7
BRF:0
BRH:0
end_of_record
TN:
SF:src/services/agreement/listOneAgreement.service.ts
FN:6,listOneAgreementService
FNF:1
FNH:0
FNDA:0,listOneAgreementService
DA:1,1
DA:2,1
DA:3,1
DA:4,1
DA:5,1
DA:6,1
DA:7,0
DA:8,0
DA:9,0
DA:10,0
DA:11,0
DA:12,0
DA:13,0
DA:14,0
DA:15,0
DA:16,0
DA:17,0
DA:18,0
DA:19,1
DA:20,1
LF:20
LH:8
BRF:0
BRH:0
end_of_record
TN:
SF:src/services/agreement/updateAgreement.service.ts
FN:6,updateAgreementService
FNF:1
FNH:0
FNDA:0,updateAgreementService
DA:1,1
DA:2,1
DA:3,1
DA:4,1
DA:5,1
DA:6,1
DA:7,0
DA:8,0
DA:9,0
DA:10,0
DA:11,0
DA:12,0
DA:13,0
DA:14,0
DA:15,0
DA:16,0
DA:17,0
DA:18,0
DA:19,1
DA:20,1
LF:20
LH:8
BRF:0
BRH:0
end_of_record
TN:
SF:src/services/bank/createBank.service.ts
FN:6,createBankService
FNF:1
FNH:0
FNDA:0,createBankService
DA:1,1
DA:2,1
DA:3,1
DA:4,1
DA:5,1
DA:6,1
DA:7,0
DA:8,0
DA:9,0
DA:10,0
DA:11,0
DA:12,0
DA:13,0
DA:14,0
DA:15,0
DA:16,0
DA:17,0
DA:18,0
DA:19,0
DA:20,0
DA:21,0
DA:22,0
DA:23,0
DA:24,1
DA:25,1
LF:25
LH:8
BRF:0
BRH:0
end_of_record
TN:
SF:src/services/bank/createInfoBank.service.ts
FN:7,createBankInfoService
FNF:1
FNH:0
FNDA:0,createBankInfoService
DA:1,1
DA:2,1
DA:3,1
DA:4,1
DA:5,1
DA:6,1
DA:7,1
DA:8,0
DA:9,0
DA:10,0
DA:11,0
DA:12,0
DA:13,0
DA:14,0
DA:15,0
DA:16,0
DA:17,0
DA:18,0
DA:19,0
DA:20,0
DA:21,0
DA:22,0
DA:23,0
DA:24,0
DA:25,0
DA:26,0
DA:27,0
DA:28,0
DA:29,0
DA:30,0
DA:31,0
DA:32,0
DA:33,0
DA:34,0
DA:35,0
DA:36,0
DA:37,0
DA:38,0
DA:39,0
DA:40,0
DA:41,0
DA:42,0
DA:43,0
DA:44,0
DA:45,0
DA:46,0
DA:47,0
DA:48,0
DA:49,0
DA:50,0
DA:51,0
DA:52,0
DA:53,0
DA:54,0
DA:55,0
DA:56,0
DA:57,0
DA:58,0
DA:59,0
DA:60,0
DA:61,1
DA:62,1
LF:62
LH:9
BRF:0
BRH:0
end_of_record
TN:
SF:src/services/bank/deleteBank.service.ts
FN:5,bankDeleteService
FNF:1
FNH:0
FNDA:0,bankDeleteService
DA:1,1
DA:2,1
DA:3,1
DA:4,1
DA:5,1
DA:6,0
DA:7,0
DA:8,0
DA:9,0
DA:10,0
DA:11,0
DA:12,0
DA:13,0
DA:14,0
DA:15,0
DA:16,1
DA:17,1
LF:17
LH:7
BRF:0
BRH:0
end_of_record
TN:
SF:src/services/bank/deleteBankInfo.service.ts
FN:6,deleteBankInfoService
FNF:1
FNH:0
FNDA:0,deleteBankInfoService
DA:1,1
DA:2,1
DA:3,1
DA:4,1
DA:5,1
DA:6,1
DA:7,0
DA:8,0
DA:9,0
DA:10,0
DA:11,0
DA:12,0
DA:13,0
DA:14,0
DA:15,0
DA:16,0
DA:17,0
DA:18,0
DA:19,0
DA:20,0
DA:21,0
DA:22,0
DA:23,0
DA:24,0
DA:25,0
DA:26,1
DA:27,1
LF:27
LH:8
BRF:0
BRH:0
end_of_record
TN:
SF:src/services/bank/listBank.service.ts
FN:4,listBankService
FNF:1
FNH:0
FNDA:0,listBankService
DA:1,1
DA:2,1
DA:3,1
DA:4,1
DA:5,0
DA:6,0
DA:7,0
DA:8,0
DA:9,0
DA:10,0
DA:11,1
DA:12,1
LF:12
LH:6
BRF:0
BRH:0
end_of_record
TN:
SF:src/services/bank/listBankInfo.service.ts
FN:5,listBankInfoService
FNF:1
FNH:0
FNDA:0,listBankInfoService
DA:1,1
DA:2,1
DA:3,1
DA:4,1
DA:5,1
DA:6,0
DA:7,0
DA:8,0
DA:9,0
DA:10,0
DA:11,0
DA:12,0
DA:13,0
DA:14,0
DA:15,0
DA:16,1
DA:17,1
LF:17
LH:7
BRF:0
BRH:0
end_of_record
TN:
SF:src/services/bank/listOneBank.service.ts
FN:5,listOneBankService
FNF:1
FNH:0
FNDA:0,listOneBankService
DA:1,1
DA:2,1
DA:3,1
DA:4,1
DA:5,1
DA:6,0
DA:7,0
DA:8,0
DA:9,0
DA:10,0
DA:11,0
DA:12,0
DA:13,0
DA:14,0
DA:15,0
DA:16,0
DA:17,0
DA:18,1
DA:19,1
LF:19
LH:7
BRF:0
BRH:0
end_of_record
TN:
SF:src/services/bank/updateBank.service.ts
FN:5,updateBankService
FNF:1
FNH:0
FNDA:0,updateBankService
DA:1,1
DA:2,1
DA:3,1
DA:4,1
DA:5,1
DA:6,0
DA:7,0
DA:8,0
DA:9,0
DA:10,0
DA:11,0
DA:12,0
DA:13,0
DA:14,0
DA:15,0
DA:16,0
DA:17,0
DA:18,0
DA:19,0
DA:20,0
DA:21,0
DA:22,0
DA:23,1
DA:24,1
LF:24
LH:7
BRF:0
BRH:0
end_of_record
TN:
SF:src/services/bank/updateBankInfo.service.ts
FN:6,updateBankInfoService
FNF:1
FNH:0
FNDA:0,updateBankInfoService
DA:1,1
DA:2,1
DA:3,1
DA:4,1
DA:5,1
DA:6,1
DA:7,0
DA:8,0
DA:9,0
DA:10,0
DA:11,0
DA:12,0
DA:13,0
DA:14,0
DA:15,0
DA:16,0
DA:17,0
DA:18,0
DA:19,0
DA:20,0
DA:21,0
DA:22,0
DA:23,0
DA:24,0
DA:25,0
DA:26,0
DA:27,0
DA:28,0
DA:29,0
DA:30,0
DA:31,0
DA:32,0
DA:33,0
DA:34,0
DA:35,1
DA:36,1
LF:36
LH:8
BRF:0
BRH:0
end_of_record
TN:
SF:src/services/client/createClient.service.ts
FN:5,createClientService
FNF:1
FNH:0
FNDA:0,createClientService
DA:1,1
DA:2,1
DA:3,1
DA:4,1
DA:5,1
DA:6,0
DA:7,0
DA:8,0
DA:9,0
DA:10,0
DA:11,0
DA:12,0
DA:13,0
DA:14,0
DA:15,0
DA:16,0
DA:17,0
DA:18,0
DA:19,0
DA:20,0
DA:21,0
DA:22,0
DA:23,0
DA:24,0
DA:25,0
DA:26,0
DA:27,0
DA:28,0
DA:29,0
DA:30,0
DA:31,0
DA:32,1
DA:33,1
LF:33
LH:7
BRF:0
BRH:0
end_of_record
TN:
SF:src/services/client/createClientInfo.service.ts
FN:7,createClientInfoService
FNF:1
FNH:0
FNDA:0,createClientInfoService
DA:1,1
DA:2,1
DA:3,1
DA:4,1
DA:5,1
DA:6,1
DA:7,1
DA:8,0
DA:9,0
DA:10,0
DA:11,0
DA:12,0
DA:13,0
DA:14,0
DA:15,0
DA:16,0
DA:17,0
DA:18,0
DA:19,0
DA:20,0
DA:21,0
DA:22,0
DA:23,0
DA:24,0
DA:25,0
DA:26,0
DA:27,0
DA:28,0
DA:29,0
DA:30,0
DA:31,0
DA:32,0
DA:33,0
DA:34,0
DA:35,0
DA:36,0
DA:37,0
DA:38,0
DA:39,0
DA:40,0
DA:41,0
DA:42,0
DA:43,0
DA:44,0
DA:45,0
DA:46,0
DA:47,0
DA:48,0
DA:49,0
DA:50,0
DA:51,0
DA:52,0
DA:53,0
DA:54,0
DA:55,0
DA:56,0
DA:57,0
DA:58,0
DA:59,0
DA:60,0
DA:61,0
DA:62,1
DA:63,1
LF:63
LH:9
BRF:0
BRH:0
end_of_record
TN:
SF:src/services/client/deleteClient.service.ts
FN:5,deleteClientService
FNF:1
FNH:0
FNDA:0,deleteClientService
DA:1,1
DA:2,1
DA:3,1
DA:4,1
DA:5,1
DA:6,0
DA:7,0
DA:8,0
DA:9,0
DA:10,0
DA:11,0
DA:12,0
DA:13,0
DA:14,0
DA:15,0
DA:16,0
DA:17,0
DA:18,1
DA:19,1
LF:19
LH:7
BRF:0
BRH:0
end_of_record
TN:
SF:src/services/client/deleteClientInfo.service.ts
FN:6,deleteClientInfoService
FNF:1
FNH:0
FNDA:0,deleteClientInfoService
DA:1,1
DA:2,1
DA:3,1
DA:4,1
DA:5,1
DA:6,1
DA:7,0
DA:8,0
DA:9,0
DA:10,0
DA:11,0
DA:12,0
DA:13,0
DA:14,0
DA:15,0
DA:16,0
DA:17,0
DA:18,0
DA:19,0
DA:20,0
DA:21,0
DA:22,0
DA:23,0
DA:24,0
DA:25,0
DA:26,0
DA:27,1
DA:28,1
LF:28
LH:8
BRF:0
BRH:0
end_of_record
TN:
SF:src/services/client/listClientInfo.service.ts
FN:5,listClientInfoService
FNF:1
FNH:0
FNDA:0,listClientInfoService
DA:1,1
DA:2,1
DA:3,1
DA:4,1
DA:5,1
DA:6,0
DA:7,0
DA:8,0
DA:9,0
DA:10,0
DA:11,0
DA:12,0
DA:13,0
DA:14,0
DA:15,0
DA:16,0
DA:17,1
DA:18,1
LF:18
LH:7
BRF:0
BRH:0
end_of_record
TN:
SF:src/services/client/listClients.service.ts
FN:4,listClientsService
FNF:1
FNH:0
FNDA:0,listClientsService
DA:1,1
DA:2,1
DA:3,1
DA:4,1
DA:5,0
DA:6,0
DA:7,0
DA:8,0
DA:9,0
DA:10,0
DA:11,1
DA:12,1
LF:12
LH:6
BRF:0
BRH:0
end_of_record
TN:
SF:src/services/client/listOneClient.service.ts
FN:5,listOneClientService
FNF:1
FNH:0
FNDA:0,listOneClientService
DA:1,1
DA:2,1
DA:3,1
DA:4,1
DA:5,1
DA:6,0
DA:7,0
DA:8,0
DA:9,0
DA:10,0
DA:11,0
DA:12,0
DA:13,0
DA:14,0
DA:15,0
DA:16,0
DA:17,0
DA:18,1
DA:19,1
LF:19
LH:7
BRF:0
BRH:0
end_of_record
TN:
SF:src/services/client/updateClient.service.ts
FN:5,updateClientService
FNF:1
FNH:0
FNDA:0,updateClientService
DA:1,1
DA:2,1
DA:3,1
DA:4,1
DA:5,1
DA:6,0
DA:7,0
DA:8,0
DA:9,0
DA:10,0
DA:11,0
DA:12,0
DA:13,0
DA:14,0
DA:15,0
DA:16,0
DA:17,0
DA:18,0
DA:19,0
DA:20,0
DA:21,0
DA:22,0
DA:23,0
DA:24,0
DA:25,0
DA:26,1
DA:27,1
LF:27
LH:7
BRF:0
BRH:0
end_of_record
TN:
SF:src/services/client/updateClientInfo.service.ts
FN:5,updateClientInfoService
FNF:1
FNH:0
FNDA:0,updateClientInfoService
DA:1,1
DA:2,1
DA:3,1
DA:4,1
DA:5,1
DA:6,0
DA:7,0
DA:8,0
DA:9,0
DA:10,0
DA:11,0
DA:12,0
DA:13,0
DA:14,0
DA:15,0
DA:16,0
DA:17,0
DA:18,0
DA:19,0
DA:20,0
DA:21,0
DA:22,0
DA:23,0
DA:24,0
DA:25,0
DA:26,0
DA:27,0
DA:28,0
DA:29,0
DA:30,0
DA:31,0
DA:32,0
DA:33,0
DA:34,0
DA:35,0
DA:36,1
DA:37,1
LF:37
LH:7
BRF:0
BRH:0
end_of_record
TN:
SF:src/services/debts/createDebts.service.ts
FN:9,createDebtsService
FNF:1
FNH:0
FNDA:0,createDebtsService
DA:1,1
DA:2,1
DA:3,1
DA:4,1
DA:5,1
DA:6,1
DA:7,1
DA:8,1
DA:9,1
DA:10,0
DA:11,0
DA:12,0
DA:13,0
DA:14,0
DA:15,0
DA:16,0
DA:17,0
DA:18,0
DA:19,0
DA:20,0
DA:21,0
DA:22,0
DA:23,0
DA:24,0
DA:25,0
DA:26,0
DA:27,0
DA:28,0
DA:29,0
DA:30,0
DA:31,0
DA:32,0
DA:33,0
DA:34,0
DA:35,0
DA:36,0
DA:37,0
DA:38,0
DA:39,0
DA:40,0
DA:41,0
DA:42,0
DA:43,0
DA:44,0
DA:45,0
DA:46,0
DA:47,0
DA:48,0
DA:49,0
DA:50,0
DA:51,0
DA:52,0
DA:53,0
DA:54,0
DA:55,0
DA:56,0
DA:57,1
DA:58,1
LF:58
LH:11
BRF:0
BRH:0
end_of_record
TN:
SF:src/services/debts/listDebts.service.ts
FN:4,listDebtsService
FNF:1
FNH:0
FNDA:0,listDebtsService
DA:1,1
DA:2,1
DA:3,1
DA:4,1
DA:5,0
DA:6,0
DA:7,0
DA:8,0
DA:9,0
DA:10,1
LF:10
LH:5
BRF:0
BRH:0
end_of_record
TN:
SF:src/services/debts/listOneDebt.service.ts
FN:5,listOneDebtService
FNF:1
FNH:0
FNDA:0,listOneDebtService
DA:1,1
DA:2,1
DA:3,1
DA:4,1
DA:5,1
DA:6,0
DA:7,0
DA:8,0
DA:9,0
DA:10,0
DA:11,0
DA:12,0
DA:13,0
DA:14,0
DA:15,0
DA:16,0
DA:17,0
DA:18,0
DA:19,0
DA:20,0
DA:21,0
DA:22,1
LF:22
LH:6
BRF:0
BRH:0
end_of_record
TN:
SF:src/services/history/createHistory.service.ts
FN:7,createContactHistoryService
FNF:1
FNH:0
FNDA:0,createContactHistoryService
DA:1,1
DA:2,1
DA:3,1
DA:4,1
DA:5,1
DA:6,1
DA:7,1
DA:8,0
DA:9,0
DA:10,0
DA:11,0
DA:12,0
DA:13,0
DA:14,0
DA:15,0
DA:16,0
DA:17,0
DA:18,0
DA:19,0
DA:20,0
DA:21,0
DA:22,0
DA:23,0
DA:24,0
DA:25,0
DA:26,0
DA:27,0
DA:28,0
DA:29,0
DA:30,0
DA:31,0
DA:32,0
DA:33,0
DA:34,0
DA:35,0
DA:36,0
DA:37,0
DA:38,0
DA:39,0
DA:40,0
DA:41,0
DA:42,0
DA:43,0
DA:44,0
DA:45,0
DA:46,1
DA:47,1
LF:47
LH:9
BRF:0
BRH:0
end_of_record
TN:
SF:src/services/history/deleteHistory.service.ts
FN:5,deleteHistoryService
FNF:1
FNH:0
FNDA:0,deleteHistoryService
DA:1,1
DA:2,1
DA:3,1
DA:4,1
DA:5,1
DA:6,0
DA:7,0
DA:8,0
DA:9,0
DA:10,0
DA:11,0
DA:12,0
DA:13,0
DA:14,1
LF:14
LH:6
BRF:0
BRH:0
end_of_record
TN:
SF:src/services/history/listHistory.service.ts
FN:4,listHistoryService
FNF:1
FNH:0
FNDA:0,listHistoryService
DA:1,1
DA:2,1
DA:3,1
DA:4,1
DA:5,0
DA:6,0
DA:7,0
DA:8,0
DA:9,0
DA:10,0
DA:11,1
DA:12,1
LF:12
LH:6
BRF:0
BRH:0
end_of_record
TN:
SF:src/services/history/updateHistory.service.ts
FN:5,updateHistoryService
FNF:1
FNH:0
FNDA:0,updateHistoryService
DA:1,1
DA:2,1
DA:3,1
DA:4,1
DA:5,1
DA:6,0
DA:7,0
DA:8,0
DA:9,0
DA:10,0
DA:11,0
DA:12,0
DA:13,0
DA:14,0
DA:15,0
DA:16,0
DA:17,0
DA:18,0
DA:19,0
DA:20,0
DA:21,0
DA:22,0
DA:23,0
DA:24,0
DA:25,0
DA:26,0
DA:27,1
DA:28,1
LF:28
LH:7
BRF:0
BRH:0
end_of_record
TN:
SF:src/services/payment/createPayment.service.ts
FN:7,createPaymentService
FNF:1
FNH:0
FNDA:0,createPaymentService
DA:1,1
DA:2,1
DA:3,1
DA:4,1
DA:5,1
DA:6,1
DA:7,1
DA:8,0
DA:9,0
DA:10,0
DA:11,0
DA:12,0
DA:13,0
DA:14,0
DA:15,0
DA:16,0
DA:17,0
DA:18,0
DA:19,0
DA:20,0
DA:21,0
DA:22,0
DA:23,0
DA:24,0
DA:25,0
DA:26,0
DA:27,0
DA:28,0
DA:29,0
DA:30,0
DA:31,0
DA:32,0
DA:33,0
DA:34,0
DA:35,0
DA:36,0
DA:37,0
DA:38,0
DA:39,0
DA:40,0
DA:41,0
DA:42,0
DA:43,0
DA:44,0
DA:45,0
DA:46,0
DA:47,0
DA:48,0
DA:49,0
DA:50,0
DA:51,0
DA:52,0
DA:53,0
DA:54,0
DA:55,0
DA:56,0
DA:57,0
DA:58,0
DA:59,0
DA:60,0
DA:61,0
DA:62,0
DA:63,0
DA:64,0
DA:65,0
DA:66,0
DA:67,1
DA:68,1
LF:68
LH:9
BRF:0
BRH:0
end_of_record
TN:
SF:src/services/payment/deletePayment.service.ts
FN:6,paymentDeleteService
FNF:1
FNH:0
FNDA:0,paymentDeleteService
DA:1,1
DA:2,1
DA:3,1
DA:4,1
DA:5,1
DA:6,1
DA:7,0
DA:8,0
DA:9,0
DA:10,0
DA:11,0
DA:12,0
DA:13,0
DA:14,0
DA:15,0
DA:16,1
DA:17,1
LF:17
LH:8
BRF:0
BRH:0
end_of_record
TN:
SF:src/services/payment/listOnePayment.service.ts
FN:5,listOnePaymentService
FNF:1
FNH:0
FNDA:0,listOnePaymentService
DA:1,1
DA:2,1
DA:3,1
DA:4,1
DA:5,1
DA:6,0
DA:7,0
DA:8,0
DA:9,0
DA:10,0
DA:11,0
DA:12,0
DA:13,0
DA:14,0
DA:15,0
DA:16,1
DA:17,1
LF:17
LH:7
BRF:0
BRH:0
end_of_record
TN:
SF:src/services/payment/listPayment.service.ts
FN:4,listPaymentService
FNF:1
FNH:0
FNDA:0,listPaymentService
DA:1,1
DA:2,1
DA:3,1
DA:4,1
DA:5,0
DA:6,0
DA:7,0
DA:8,0
DA:9,0
DA:10,0
DA:11,1
DA:12,1
LF:12
LH:6
BRF:0
BRH:0
end_of_record
TN:
SF:src/services/payment/updatePayment.service.ts
FN:5,updatePaymentService
FNF:1
FNH:0
FNDA:0,updatePaymentService
DA:1,1
DA:2,1
DA:3,1
DA:4,1
DA:5,1
DA:6,0
DA:7,0
DA:8,0
DA:9,0
DA:10,0
DA:11,0
DA:12,0
DA:13,0
DA:14,0
DA:15,0
DA:16,0
DA:17,0
DA:18,0
DA:19,0
DA:20,0
DA:21,0
DA:22,0
DA:23,0
DA:24,0
DA:25,0
DA:26,0
DA:27,0
DA:28,0
DA:29,0
DA:30,0
DA:31,0
DA:32,1
DA:33,1
LF:33
LH:7
BRF:0
BRH:0
end_of_record
TN:
SF:src/services/session/userLogin.service.ts
FN:9,userLoginService
FNF:1
FNH:1
FNDA:5,userLoginService
DA:1,1
DA:2,1
DA:3,1
DA:4,1
DA:5,1
DA:6,1
DA:7,1
DA:8,1
DA:9,1
DA:10,5
DA:11,5
DA:12,5
DA:13,5
DA:14,5
DA:15,0
DA:16,0
DA:17,5
DA:18,5
DA:19,5
DA:20,5
DA:21,0
DA:22,0
DA:23,5
DA:24,5
DA:25,5
DA:26,5
DA:27,5
DA:28,5
DA:29,5
DA:30,5
DA:31,5
DA:32,5
DA:33,5
DA:34,5
DA:35,5
DA:36,5
DA:37,5
DA:38,5
DA:39,5
DA:40,5
DA:41,5
DA:42,1
LF:42
LH:38
BRDA:9,0,0,5
BRDA:9,1,0,5
BRDA:14,2,0,0
BRDA:20,3,0,0
BRF:4
BRH:2
end_of_record
TN:
SF:src/services/user/createUser.service.ts
FN:9,createUserService
FNF:1
FNH:1
FNDA:8,createUserService
DA:1,1
DA:2,1
DA:3,1
DA:4,1
DA:5,1
DA:6,1
DA:7,1
DA:8,1
DA:9,1
DA:10,8
DA:11,8
DA:12,8
DA:13,8
DA:14,8
DA:15,8
DA:16,8
DA:17,8
DA:18,8
DA:19,8
DA:20,8
DA:21,8
DA:22,2
DA:23,2
DA:24,6
DA:25,6
DA:26,6
DA:27,6
DA:28,6
DA:29,6
DA:30,6
DA:31,6
DA:32,6
DA:33,6
DA:34,6
DA:35,6
DA:36,6
DA:37,6
DA:38,6
DA:39,6
DA:40,6
DA:41,6
DA:42,6
DA:43,6
DA:44,6
DA:45,6
DA:46,6
DA:47,6
DA:48,6
DA:49,6
DA:50,6
DA:51,6
DA:52,6
DA:53,6
DA:54,1
DA:55,1
LF:55
LH:55
BRDA:9,0,0,8
BRDA:9,1,0,8
BRDA:21,2,0,6
BRDA:21,3,0,2
BRF:4
BRH:4
end_of_record
TN:
SF:src/services/user/deleteUser.service.ts
FN:5,deleteUserService
FNF:1
FNH:1
FNDA:2,deleteUserService
DA:1,1
DA:2,1
DA:3,1
DA:4,1
DA:5,1
DA:6,2
DA:7,2
DA:8,2
DA:9,2
DA:10,2
DA:11,1
DA:12,1
DA:13,1
DA:14,1
DA:15,1
DA:16,1
DA:17,1
DA:18,1
DA:19,1
LF:19
LH:19
BRDA:5,0,0,2
BRDA:5,1,0,2
BRDA:10,2,0,1
BRF:3
BRH:3
end_of_record
TN:
SF:src/services/user/listOneUser.service.ts
FN:5,listUserService
FNF:1
FNH:1
FNDA:2,listUserService
DA:1,1
DA:2,1
DA:3,1
DA:4,1
DA:5,1
DA:6,2
DA:7,2
DA:8,2
DA:9,2
DA:10,2
DA:11,2
DA:12,2
DA:13,1
DA:14,1
DA:15,1
DA:16,1
DA:17,1
DA:18,1
DA:19,1
LF:19
LH:19
BRDA:5,0,0,2
BRDA:5,1,0,2
BRDA:12,2,0,1
BRDA:10,3,0,5
BRF:4
BRH:4
end_of_record
TN:
SF:src/services/user/listUsers.service.ts
FN:4,listUsersService
FNF:1
FNH:1
FNDA:1,listUsersService
DA:1,1
DA:2,1
DA:3,1
DA:4,1
DA:5,1
DA:6,1
DA:7,1
DA:8,1
DA:9,1
DA:10,1
DA:11,1
LF:11
LH:11
BRDA:4,0,0,1
BRDA:4,1,0,1
BRF:2
BRH:2
end_of_record
TN:
SF:src/services/user/updateUser.service.ts
FN:8,updateUserService
FNF:1
FNH:1
FNDA:2,updateUserService
DA:1,1
DA:2,1
DA:3,1
DA:4,1
DA:5,1
DA:6,1
DA:7,1
DA:8,1
DA:9,2
DA:10,2
DA:11,2
DA:12,2
DA:13,2
DA:14,2
DA:15,2
DA:16,1
DA:17,1
DA:18,1
DA:19,2
DA:20,2
DA:21,2
DA:22,2
DA:23,2
DA:24,1
DA:25,2
DA:26,0
DA:27,0
DA:28,1
DA:29,1
DA:30,1
DA:31,1
DA:32,1
DA:33,1
DA:34,1
DA:35,1
DA:36,1
DA:37,1
DA:38,1
DA:39,1
DA:40,1
DA:41,1
DA:42,1
DA:43,1
DA:44,1
DA:45,1
DA:46,1
DA:47,1
DA:48,1
DA:49,1
DA:50,1
LF:50
LH:48
BRDA:8,0,0,2
BRDA:8,1,0,2
BRDA:15,2,0,1
BRDA:19,3,0,0
BRDA:19,4,0,1
BRDA:24,5,0,1
BRDA:25,6,0,0
BRDA:28,7,0,1
BRF:8
BRH:6
end_of_record
TN:
SF:src/services/userDebt/createUserDebt.service.ts
FN:6,createUserDebtService
FNF:1
FNH:0
FNDA:0,createUserDebtService
DA:1,1
DA:2,1
DA:3,1
DA:4,1
DA:5,1
DA:6,1
DA:7,0
DA:8,0
DA:9,0
DA:10,0
DA:11,0
DA:12,0
DA:13,0
DA:14,0
DA:15,0
DA:16,0
DA:17,0
DA:18,0
DA:19,0
DA:20,0
DA:21,0
DA:22,0
DA:23,0
DA:24,0
DA:25,0
DA:26,0
DA:27,0
DA:28,0
DA:29,0
DA:30,0
DA:31,1
DA:32,1
LF:32
LH:8
BRF:0
BRH:0
end_of_record
TN:
SF:src/services/userDebt/listUserDebts.service.ts
FN:4,listUserDebtsService
FNF:1
FNH:0
FNDA:0,listUserDebtsService
DA:1,1
DA:2,1
DA:3,1
DA:4,1
DA:5,0
DA:6,0
DA:7,0
DA:8,0
DA:9,0
DA:10,0
DA:11,0
DA:12,0
DA:13,0
DA:14,0
DA:15,0
DA:16,0
DA:17,1
LF:17
LH:5
BRF:0
BRH:0
end_of_record
TN:
SF:src/utils/verifyDebtType.ts
FN:3,verifyDebtType
FNF:1
FNH:0
FNDA:0,verifyDebtType
DA:1,1
DA:2,1
DA:3,1
DA:4,0
DA:5,0
DA:6,0
DA:7,0
DA:8,0
DA:9,0
DA:10,0
DA:11,1
DA:12,1
LF:12
LH:5
BRF:0
BRH:0
end_of_record
TN:
SF:src/utils/verifyUserType.ts
FN:3,verifyUserType
FNF:1
FNH:1
FNDA:9,verifyUserType
DA:1,1
DA:2,1
DA:3,1
DA:4,9
DA:5,0
DA:6,0
DA:7,9
DA:8,0
DA:9,0
DA:10,9
DA:11,0
DA:12,0
DA:13,9
DA:14,0
DA:15,0
DA:16,9
DA:17,8
DA:18,8
DA:19,9
DA:20,1
DA:21,1
LF:21
LH:13
BRDA:3,0,0,9
BRDA:4,1,0,0
BRDA:7,2,0,0
BRDA:10,3,0,0
BRDA:13,4,0,0
BRDA:16,5,0,8
BRF:6
BRH:2
end_of_record
